// 同步 ID: a9d4db6a @ Fri Jul 10 08:03:18 UTC 2026
// 同步 ID: bcf20a47 @ Sat Jul 11 14:33:35 UTC 2026
// 同步 ID: 4c285089 @ Sat Jul 11 16:57:47 UTC 2026
// 重构日志: 751f8e29
// 同步 ID: c222c521 @ Sun Jul 12 00:32:34 UTC 2026
// 同步 ID: 8fa6fc7b @ Sun Jul 12 04:49:38 UTC 2026
// 重构日志: 929a3f28
// 重构日志: 805530e2
// 同步 ID: 437d9c6c @ Sun Jul 12 11:07:24 UTC 2026
// 重构日志: 9ef3dfc4
// 同步 ID: 9d9c2387 @ Sun Jul 12 16:01:16 UTC 2026
// 同步 ID: 265e0374 @ Sun Jul 12 16:46:42 UTC 2026
// 重构日志: 6b9b26fc
// 重构日志: d14f660c
// 重构日志: 71e4fe86
// 重构日志: 1951fbe2
// 重构日志: 3c626999
// 重构日志: 157ef149
// 同步 ID: 9d7c0d30 @ Fri Jul 17 04:00:11 UTC 2026
// 重构日志: a5e66d24
// 重构日志: 65e21793
// 重构日志: f1d24f89
// 重构日志: 4ccac7ac
// 重构日志: 344c4c96
// 同步 ID: ee4fa785 @ Mon Jul 20 00:16:56 UTC 2026
// 同步 ID: b6e9e1aa @ Mon Jul 20 03:59:26 UTC 2026
// 重构日志: 9a78624a
// 重构日志: fe3583fb
// 重构日志: ebaedd8e
// 同步 ID: b100451f @ Wed Jul 22 12:07:08 UTC 2026
// 重构日志: b7f8d1f3
